|SourceProjectName:flip2help.hpr
|DestinationProjectName:overview.htm
whhost.js
whmsg.js
whmozemu.js
whproxy.js
whstub.js
whutils.js
whver.js
whform.js
whphost.js
whstart.js
whtopic.js
whframes.js
whlang.js
whskin_info.htm
whskin_blank.htm
whskin_pickup.htm
whskin_homepage.htm
whnjs.htm
whthost.js
whtdhtml.htm
whihost.js
whibody.htm
whiform.htm
whfhost.js
whfbody.htm
whfform.htm
whghost.js
whgbody.htm
whgdhtml.htm
whgdef.htm
whproj.js
whproj.xml
whproj.htm
whxdata\whtoc.xml
whxdata\whidx.xml
whxdata\whfts.xml
whxdata\whglo.xml
whdata\whtoc.js
whdata\whtoc.htm
whdata\whtdata.js
whdata\whidx.js
whdata\whidx.htm
whdata\whidata.js
whdata\whfts.js
whdata\whfts.htm
whdata\whglo.js
whdata\whglo.htm
whdata\whgdata.js
whdata\whftdata.js
whdata\whfwdata.js
whres.xml
webhelp.jar
webhelp.cab
whgdata\whnvp30.htm
whgdata\whnvp31.htm
whgdata\whnvp32.htm
whgdata\whnvp33.htm
whgdata\whnvt30.htm
whgdata\whnvt31.htm
whgdata\whnvt32.htm
whgdata\whnvt33.htm
whgdata\whnvf30.htm
whgdata\whnvf31.htm
whgdata\whnvf32.htm
whgdata\whnvf33.htm
whgdata\whnvl31.htm
whgdata\whnvl32.htm
whgdata\whnvl33.htm
whgdata\whexpbar.gif
cshdat_webhelp.htm
whcsh_home.htm
whcshdata.htm
cshdat_robohelp.htm
wht_tab0.gif
wht_tab1.gif
wht_tab2.gif
wht_tab3.gif
wht_tab4.gif
wht_tab5.gif
wht_tab6.gif
wht_tab7.gif
wht_tab8.gif
wht_glo_h.gif
wht_glo_n.gif
wht_fts_h.gif
wht_fts_n.gif
wht_idx_h.gif
wht_idx_n.gif
wht_toc_h.gif
wht_toc_n.gif
wht_ws.gif
wht_ws_g.gif
wht_logo1.gif
wht_logo2.gif
wht_abgw.jpg
wht_abgi.jpg
wht_abge.jpg
wht_abtw.jpg
wht_abte.jpg
wht_abti.jpg
wht_spac.gif
wht_next.gif
wht_next_g.gif
wht_prev.gif
wht_prev_g.gif
wht_sync.gif
wht_hide.gif
wht_go.gif
whstart.ico
whestart.ico
whrstart.ico
whidhtml.htm
whfdhtml.htm
whskin_banner.htm
whtbar.js
gel_contents_on.jpg
gel_contents_off.jpg
gel_index_on.jpg
gel_index_off.jpg
gel_search_on.jpg
gel_search_off.jpg
gel_glossary_on.jpg
gel_glossary_off.jpg
gel_websearch_on.jpg
gel_websearch_off.jpg
gel_go.jpg
gel_prev_off.jpg
gel_prev_on.jpg
gel_next_off.jpg
gel_next_on.jpg
gel_sync.jpg
gel_close.jpg
gel_folder_closed_2.gif
gel_folder_open_2.gif
gel_page.jpg
CVS\entries
CVS\entries.extra
CVS\repository
CVS\root
gel_folder_closed.gif
gel_folder_open.gif
gel_page_2.jpg
multi-color_gel.skn
whskin_pdhtml.htm
whskin_papplet.htm
whskin_plist.htm
whskin_tbars.htm
whskin_mbars.htm
wht_toc4.gif
whskin_frmset010.htm
whst_topics.xml
whskin_frmset01.htm
overview_hha.hhk
overview.hhc
overview.hhk
asserting_operation_results.htm
blank_checking_memory.htm
blank_checking_memory_batchisp.htm
can_interfaces.htm
can_pre-installation_requirements.htm
changing_the_on_fail_behavior.htm
closing_a_can_node.htm
editing_the_buffer.htm
erasing_memory.htm
erasing_memory_batchisp.htm
faq.htm
filling_the_buffer.htm
getting_help.htm
getting_started.htm
getting_the_batchisp_program_version.htm
index.htm
inserting_wait_states.htm
launching_the_embedded_application_batch.htm
loading_a_hex_file.htm
loading_the_isp_buffer.htm
logging_results_to_a_file.htm
opening_a_can_node.htm
operations_directives_summary.htm
operations_summary.htm
overview_1.htm
overview_isplib.htm
programming_memory.htm
programming_memory_batchisp.htm
reading_and_writing_special_bits_and_bytes.htm
reading_memory.htm
reading_memory_batch.htm
rs232.htm
saving_the_buffer_contents_to_a_file.htm
selecting_a_communication_medium.htm
selecting_a_device.htm
selecting_a_device_batchisp.htm
selecting_a_port.htm
selecting_an_isp_hardware.htm
selecting_the_target_memory.htm
selecting_the_target_memory_batchisp.htm
serializing_parts.htm
setting_buffer_options.htm
setting_demo_mode.htm
setting_preferences.htm
setting_special_bits_and_bytes.htm
setting_the_autoisp_mode.htm
setting_the_can_bitrate.htm
setting_the_debug_mode.htm
setting_the_demo_mode.htm
setting_the_rs232_baudrate.htm
setting_timeout.htm
setting_up_the_autoisp_mode.htm
setting_up_the_can_interface.htm
setting_up_the_rs232_interface.htm
setting_up_the_usb_interface.htm
setup_directives_summary.htm
software_architecture.htm
specifying_a_range_of_addresses.htm
trouble_shooting_usb.htm
usb_driver_installation.htm
using_a_command_file.htm
using_the_operations_flow.htm
verifying_memory.htm
verifying_memory_batchisp.htm
ehelp.xml
atmel_standard.css
image30.jpg
image20.jpg
image21.jpg
image10.jpg
image30.gif
image44.jpg
atmel_rvb.gif
image22.jpg
image1.jpg
image31.gif
image23.jpg
image12.jpg
image46.jpg
image21.gif
image10.gif
image24.jpg
image13.jpg
image47.jpg
image11.gif
image4.jpg
image23.gif
image26.jpg
image15.jpg
image5.jpg
image2.gif
image24.gif
image27.jpg
image16.jpg
image6.jpg
image39.jpg
image25.gif
image28.jpg
image17.jpg
image7.jpg
image4.gif
image26.gif
image15.gif
image18.jpg
image5.gif
image9.jpg
image28.gif
image17.gif
image19.gif
image9.gif
ehlpdhtm.js
overview.ppf
atmel_standard_ns.css
whxdata\whtdata0.xml
whxdata\whftdata0.xml
whxdata\whfwdata0.xml
whdata\whtdata0.htm
whdata\whftdata0.htm
whdata\whfwdata0.htm
whgdata\whlstt0.htm
whgdata\whlstt1.htm
whgdata\whlstt2.htm
whgdata\whlstt3.htm
whgdata\whlstt4.htm
whgdata\whlsti0.htm
whgdata\whlstfl0.htm
whgdata\whlstfl1.htm
whgdata\whlstfl2.htm
whgdata\whlstfl3.htm
whgdata\whlstfl4.htm
whgdata\whlstfl5.htm
whgdata\whlstfl6.htm
whgdata\whlstfl7.htm
whgdata\whlstfl8.htm
whgdata\whlstfl9.htm
whgdata\whlstfl10.htm
whgdata\whlstfl11.htm
whgdata\whlstfl12.htm
whgdata\whlstfl13.htm
whgdata\whlstfl14.htm
whgdata\whlstfl15.htm
whgdata\whlstfl16.htm
whgdata\whlstfl17.htm
whgdata\whlstfl18.htm
whgdata\whlstfl19.htm
whgdata\whlstfl20.htm
whgdata\whlstfl21.htm
whgdata\whlstfl22.htm
whgdata\whlstfl23.htm
whgdata\whlstf0.htm
whgdata\whlstf1.htm
whgdata\whlstf2.htm
whgdata\whlstf3.htm
whgdata\whlstf4.htm
whgdata\whlstf5.htm
whgdata\whlstf6.htm
whgdata\whlstf7.htm
whgdata\whlstf8.htm
whgdata\whlstf9.htm
whgdata\whlstg0.htm
overview.htm
overview_csh.htm
overview_rhc.htm
